<?xml version="1.0" encoding="UTF-8"?>
<!-- Generated by org.testng.reporters.JUnitXMLReporter -->
<testsuite ignored="2" hostname="Vicky" failures="0" tests="1" name="Default test" time="13.643" errors="0" timestamp="2024-10-24T15:16:09 IST">
  <testcase classname="Nani.HandlingDynamicTable" name="dynamicTableHandlingTest" time="13.571"/>
  <testcase classname="Nani.HandlingDynamicTable" name="dropDownOptionsSortingTest" time="0.0">
    <ignored/>
  </testcase> <!-- dropDownOptionsSortingTest -->
  <testcase classname="Nani.HandlingDynamicTable" name="checkBoxHandlingTest" time="0.0">
    <ignored/>
  </testcase> <!-- checkBoxHandlingTest -->
</testsuite> <!-- Default test -->
